[1.148s] Invoking command in '/home/tsoud/ros2_ws/src/mon_bras': PYTHONPATH=/home/tsoud/ros2_ws/build/mon_bras/prefix_override:/usr/lib/python3/dist-packages/colcon_core/task/python/colcon_distutils_commands:/home/tsoud/ros2_ws/install/mon_bras/lib/python3.12/site-packages:${PYTHONPATH} /usr/bin/python3 -W ignore:setup.py install is deprecated -W ignore:easy_install command is deprecated setup.py egg_info --egg-base ../../build/mon_bras build --build-base /home/tsoud/ros2_ws/build/mon_bras/build install --record /home/tsoud/ros2_ws/build/mon_bras/install.log --single-version-externally-managed install_data
[1.378s] running egg_info
[1.396s] writing ../../build/mon_bras/mon_bras.egg-info/PKG-INFO
[1.396s] writing dependency_links to ../../build/mon_bras/mon_bras.egg-info/dependency_links.txt
[1.397s] writing entry points to ../../build/mon_bras/mon_bras.egg-info/entry_points.txt
[1.398s] writing requirements to ../../build/mon_bras/mon_bras.egg-info/requires.txt
[1.398s] writing top-level names to ../../build/mon_bras/mon_bras.egg-info/top_level.txt
[1.426s] reading manifest file '../../build/mon_bras/mon_bras.egg-info/SOURCES.txt'
[1.427s] writing manifest file '../../build/mon_bras/mon_bras.egg-info/SOURCES.txt'
[1.427s] running build
[1.427s] running build_py
[1.428s] running install
[1.436s] running install_lib
[1.452s] running install_data
[1.452s] running install_egg_info
[1.468s] removing '/home/tsoud/ros2_ws/install/mon_bras/lib/python3.12/site-packages/mon_bras-0.0.0-py3.12.egg-info' (and everything under it)
[1.468s] Copying ../../build/mon_bras/mon_bras.egg-info to /home/tsoud/ros2_ws/install/mon_bras/lib/python3.12/site-packages/mon_bras-0.0.0-py3.12.egg-info
[1.470s] running install_scripts
[1.572s] Installing noeud_bras script to /home/tsoud/ros2_ws/install/mon_bras/lib/mon_bras
[1.573s] writing list of installed files to '/home/tsoud/ros2_ws/build/mon_bras/install.log'
[1.602s] Invoked command in '/home/tsoud/ros2_ws/src/mon_bras' returned '0': PYTHONPATH=/home/tsoud/ros2_ws/build/mon_bras/prefix_override:/usr/lib/python3/dist-packages/colcon_core/task/python/colcon_distutils_commands:/home/tsoud/ros2_ws/install/mon_bras/lib/python3.12/site-packages:${PYTHONPATH} /usr/bin/python3 -W ignore:setup.py install is deprecated -W ignore:easy_install command is deprecated setup.py egg_info --egg-base ../../build/mon_bras build --build-base /home/tsoud/ros2_ws/build/mon_bras/build install --record /home/tsoud/ros2_ws/build/mon_bras/install.log --single-version-externally-managed install_data
