running egg_info
creating ../../build/mon_bras/mon_bras.egg-info
writing ../../build/mon_bras/mon_bras.egg-info/PKG-INFO
writing dependency_links to ../../build/mon_bras/mon_bras.egg-info/dependency_links.txt
writing requirements to ../../build/mon_bras/mon_bras.egg-info/requires.txt
writing top-level names to ../../build/mon_bras/mon_bras.egg-info/top_level.txt
writing manifest file '../../build/mon_bras/mon_bras.egg-info/SOURCES.txt'
reading manifest file '../../build/mon_bras/mon_bras.egg-info/SOURCES.txt'
writing manifest file '../../build/mon_bras/mon_bras.egg-info/SOURCES.txt'
running build
running build_py
creating /home/tsoud/ros2_ws/build/mon_bras/build
creating /home/tsoud/ros2_ws/build/mon_bras/build/lib
creating /home/tsoud/ros2_ws/build/mon_bras/build/lib/mon_bras
copying mon_bras/__init__.py -> /home/tsoud/ros2_ws/build/mon_bras/build/lib/mon_bras
copying mon_bras/noeud_bras.py -> /home/tsoud/ros2_ws/build/mon_bras/build/lib/mon_bras
running install
running install_lib
creating /home/tsoud/ros2_ws/install/mon_bras/lib/python3.12/site-packages/mon_bras
copying /home/tsoud/ros2_ws/build/mon_bras/build/lib/mon_bras/__init__.py -> /home/tsoud/ros2_ws/install/mon_bras/lib/python3.12/site-packages/mon_bras
copying /home/tsoud/ros2_ws/build/mon_bras/build/lib/mon_bras/noeud_bras.py -> /home/tsoud/ros2_ws/install/mon_bras/lib/python3.12/site-packages/mon_bras
byte-compiling /home/tsoud/ros2_ws/install/mon_bras/lib/python3.12/site-packages/mon_bras/__init__.py to __init__.cpython-312.pyc
byte-compiling /home/tsoud/ros2_ws/install/mon_bras/lib/python3.12/site-packages/mon_bras/noeud_bras.py to noeud_bras.cpython-312.pyc
running install_data
creating /home/tsoud/ros2_ws/install/mon_bras/share/ament_index
creating /home/tsoud/ros2_ws/install/mon_bras/share/ament_index/resource_index
creating /home/tsoud/ros2_ws/install/mon_bras/share/ament_index/resource_index/packages
copying resource/mon_bras -> /home/tsoud/ros2_ws/install/mon_bras/share/ament_index/resource_index/packages
copying package.xml -> /home/tsoud/ros2_ws/install/mon_bras/share/mon_bras
running install_egg_info
Copying ../../build/mon_bras/mon_bras.egg-info to /home/tsoud/ros2_ws/install/mon_bras/lib/python3.12/site-packages/mon_bras-0.0.0-py3.12.egg-info
running install_scripts
writing list of installed files to '/home/tsoud/ros2_ws/build/mon_bras/install.log'
